<?xml version="1.0" encoding="UTF-8" standalone="no"?><testsuite errors="0" failures="0" name="Gestión del Ciclo de Vida de Cuentas de Usuario" skipped="0" tests="10" time="9.07" timestamp="2026-09-21 04:22:23"><testcase name="[API-11] [POST /api/createAccount] Crear una cuenta de usuario exitosamente con datos válidos"/><testcase name="[API-14] [GET /api/getUserDetailByEmail] Consultar los detalles del perfil de un usuario existente por email"/><testcase name="[API-13] [PUT /api/updateAccount] Actualizar los datos del perfil de una cuenta existente"/><testcase name="[API-12] [DELETE /api/deleteAccount] Eliminar una cuenta de usuario creada con credenciales válidas"/><testcase name="[API-11] [POST /api/createAccount] Intentar crear una cuenta con un email duplicado"/><testcase name="[API-11] [POST /api/createAccount] Intentar crear una cuenta sin proporcionar los campos obligatorios"/><testcase name="[API-14] [GET /api/getUserDetailByEmail] Consultar detalles de un usuario con email no existente"/><testcase name="[API-13] [PUT /api/updateAccount] Intentar actualizar una cuenta con un email inexistente"/><testcase name="[API-12] [DELETE /api/deleteAccount] Intentar eliminar una cuenta sin proporcionar el parámetro contraseña"/><testcase name="[API-12] [DELETE /api/deleteAccount] Intentar eliminar una cuenta con credenciales inválidas"/></testsuite>