<?xml version="1.0" encoding="UTF-8" standalone="no"?><testsuite errors="0" failures="0" name="Automatización de API para Catálogo de Productos" skipped="0" tests="2" time="0.84" timestamp="2026-09-21 04:22:34"><testcase name="[API-01] [GET /api/productsList] Consultar exitosamente todos los productos y validar el contrato de esquema JSON"/><testcase name="[API-02] [POST /api/productsList] Intentar método POST en el endpoint de lista de productos y recibir respuesta de método no soportado"/></testsuite>