<?xml version="1.0" encoding="UTF-8" standalone="no"?><testsuite errors="0" failures="0" name="Verificación de Login de Usuario" skipped="0" tests="5" time="1.42" timestamp="2026-09-21 04:22:32"><testcase name="[API-07] [POST /api/verifyLogin] Verificar login exitosamente con credenciales válidas registradas"/><testcase name="[API-08] [POST /api/verifyLogin] Intentar verificación de login sin proporcionar el parámetro email"/><testcase name="[API-08] [POST /api/verifyLogin] Intentar verificación de login sin proporcionar el parámetro contraseña"/><testcase name="[API-09] [DELETE /api/verifyLogin] Enviar solicitud DELETE al endpoint de verificación de login y recibir respuesta de método no soportado"/><testcase name="[API-10] [POST /api/verifyLogin] Intentar verificación de login con credenciales inválidas o inexistentes"/></testsuite>