<?xml version="1.0" encoding="UTF-8" standalone="no"?><testsuite errors="0" failures="0" name="Verificación de Login de Usuario" skipped="0" tests="4" time="1.3" timestamp="2026-09-21 02:36:25"><testcase name="Verificar login exitosamente con credenciales válidas registradas"/><testcase name="Intentar verificación de login sin proporcionar el parámetro email"/><testcase name="Enviar solicitud DELETE al endpoint de verificación de login y recibir respuesta de método no soportado"/><testcase name="Intentar verificación de login con credenciales inválidas o inexistentes"/></testsuite>