<?xml version="1.0" encoding="UTF-8" standalone="no"?><testsuite errors="0" failures="0" name="Automatización de API para Búsqueda de Productos" skipped="0" tests="5" time="1.38" timestamp="2026-09-21 04:22:35"><testcase name="[API-05] [POST /api/searchProduct] Buscar productos exitosamente con una palabra clave válida"/><testcase name="[API-05] [POST /api/searchProduct] Buscar productos con una palabra clave inexistente y obtener lista vacía"/><testcase name="[API-06] [POST /api/searchProduct] Buscar productos sin proporcionar el parámetro search_product"/></testsuite>