<?xml version="1.0" encoding="UTF-8" standalone="no"?><testsuite errors="0" failures="0" name="Gestión del Ciclo de Vida de Cuentas de Usuario" skipped="0" tests="7" time="7.33" timestamp="2026-09-21 02:36:18"><testcase name="Crear una cuenta de usuario exitosamente con datos válidos"/><testcase name="Consultar los detalles del perfil de un usuario existente por email"/><testcase name="Actualizar los datos del perfil de una cuenta existente"/><testcase name="Eliminar una cuenta de usuario creada con credenciales válidas"/><testcase name="Intentar crear una cuenta con un email duplicado"/><testcase name="Consultar detalles de un usuario con email no existente"/><testcase name="Intentar eliminar una cuenta con credenciales inválidas"/></testsuite>